<?xml version="1.0" encoding="UTF-8"?>
<testsuite name="com.cloudcover.cucumber.steps.ExchRunner" time="3.987" tests="56" errors="0" skipped="0" failures="0">
  <properties>
    <property name="java.runtime.name" value="Java(TM) SE Runtime Environment"/>
    <property name="sun.boot.library.path" value="C:\Program Files\Java\jdk1.8.0_144\jre\bin"/>
    <property name="java.vm.version" value="25.144-b01"/>
    <property name="java.vm.vendor" value="Oracle Corporation"/>
    <property name="maven.multiModuleProjectDirectory" value="C:/Users/agsuser/Downloads/Automation/CloudCloverAssignment/CloudCoverAPI"/>
    <property name="java.vendor.url" value="http://java.oracle.com/"/>
    <property name="path.separator" value=";"/>
    <property name="guice.disable.misplaced.annotation.check" value="true"/>
    <property name="java.vm.name" value="Java HotSpot(TM) 64-Bit Server VM"/>
    <property name="file.encoding.pkg" value="sun.io"/>
    <property name="user.script" value=""/>
    <property name="user.country" value="US"/>
    <property name="sun.java.launcher" value="SUN_STANDARD"/>
    <property name="sun.os.patch.level" value=""/>
    <property name="java.vm.specification.name" value="Java Virtual Machine Specification"/>
    <property name="user.dir" value="C:\Users\agsuser\Downloads\Automation\CloudCloverAssignment\CloudCoverAPI"/>
    <property name="java.runtime.version" value="1.8.0_144-b01"/>
    <property name="java.awt.graphicsenv" value="sun.awt.Win32GraphicsEnvironment"/>
    <property name="java.endorsed.dirs" value="C:\Program Files\Java\jdk1.8.0_144\jre\lib\endorsed"/>
    <property name="os.arch" value="amd64"/>
    <property name="java.io.tmpdir" value="C:\Users\agsuser\AppData\Local\Temp\"/>
    <property name="line.separator" value="&#10;"/>
    <property name="java.vm.specification.vendor" value="Oracle Corporation"/>
    <property name="user.variant" value=""/>
    <property name="os.name" value="Windows 10"/>
    <property name="classworlds.conf" value="C:/Users/agsuser/Downloads/Software/apache-maven-3.6.3-bin/apache-maven-3.6.3/bin/m2.conf"/>
    <property name="sun.jnu.encoding" value="Cp1252"/>
    <property name="java.library.path" value="C:\Program Files\Java\jdk1.8.0_144\bin;C:\WINDOWS\Sun\Java\bin;C:\WINDOWS\system32;C:\WINDOWS;C:\Users\agsuser\bin;C:\Program Files\Git\mingw64\bin;C:\Program Files\Git\usr\local\bin;C:\Program Files\Git\usr\bin;C:\Program Files\Git\usr\bin;C:\Program Files\Git\mingw64\bin;C:\Program Files\Git\usr\bin;C:\Users\agsuser\bin;C:\Program Files (x86)\Common Files\Oracle\Java\javapath;C:\ProgramData\Oracle\Java\javapath;C:\Program Files (x86)\Intel\iCLS Client;C:\Program Files\Intel\iCLS Client;C:\WINDOWS\system32;C:\WINDOWS;C:\WINDOWS\System32\Wbem;C:\WINDOWS\System32\WindowsPowerShell\v1.0;C:\Program Files\Intel\Intel(R) Management Engine Components\DAL;C:\Program Files\Intel\Intel(R) Management Engine Components\IPT;C:\Program Files (x86)\Intel\Intel(R) Management Engine Components\DAL;C:\Program Files (x86)\Intel\Intel(R) Management Engine Components\IPT;C:\Program Files (x86)\Intel\OpenCL SDK\2.0\bin\x86;C:\Program Files (x86)\Intel\OpenCL SDK\2.0\bin\x64;C:\Program Files\Intel\WiFi\bin;C:\Program Files\Common Files\Intel\WirelessCommon;C:\SWTOOLS\ReadyApps;C:\Program Files (x86)\Common Files\Lenovo;C:\Program Files\Microsoft VS Code\bin;C:\Program Files\OpenVPN\bin;C:\Program Files\PuTTY;C:\Program Files (x86)\Microsoft SQL Server\150\DTS\Binn;C:\Users\agsuser\Downloads\Software\apache-maven-3.6.3-bin\apache-maven-3.6.3\bin;C:\Users\agsuser\Downloads\gradle-6.1.1-bin\gradle-6.1.1\bin;C:\Program Files\nodejs;C:\Program Files\MongoDB\Server\4.2\bin;C:\Program Files\Microsoft SQL Server\Client SDK\ODBC\170\Tools\Binn;C:\Program Files (x86)\Microsoft SQL Server\150\Tools\Binn;C:\Program Files\Microsoft SQL Server\150\Tools\Binn;C:\Program Files\Microsoft SQL Server\150\DTS\Binn;C:\WINDOWS\System32\OpenSSH;C:\Program Files\Docker\Docker\resources\bin;C:\ProgramData\DockerDesktop\version-bin;C:\Program Files\Microsoft SQL Server\130\Tools\Binn;C:\Users\agsuser\AppData\Local\Programs\Python\Python38-32\Scripts;C:\Users\agsuser\AppData\Local\Programs\Python\Python38-32;C:\Users\agsuser\AppData\Local\Microsoft\WindowsApps;C:\Users\agsuser\AppData\Local\Programs\Azure Data Studio\bin;C:\Users\agsuser\AppData\Roaming\npm;C:\Program Files\Git\usr\bin;C:\Program Files\Git\usr\bin\vendor_perl;C:\Program Files\Git\usr\bin\core_perl;."/>
    <property name="maven.conf" value="C:/Users/agsuser/Downloads/Software/apache-maven-3.6.3-bin/apache-maven-3.6.3/conf"/>
    <property name="java.specification.name" value="Java Platform API Specification"/>
    <property name="java.class.version" value="52.0"/>
    <property name="sun.management.compiler" value="HotSpot 64-Bit Tiered Compilers"/>
    <property name="os.version" value="10.0"/>
    <property name="library.jansi.path" value="C:/Users/agsuser/Downloads/Software/apache-maven-3.6.3-bin/apache-maven-3.6.3/lib/jansi-native"/>
    <property name="user.home" value="C:\Users\agsuser"/>
    <property name="user.timezone" value="Asia/Calcutta"/>
    <property name="java.awt.printerjob" value="sun.awt.windows.WPrinterJob"/>
    <property name="java.specification.version" value="1.8"/>
    <property name="file.encoding" value="Cp1252"/>
    <property name="user.name" value="agsuser"/>
    <property name="java.class.path" value="C:/Users/agsuser/Downloads/Software/apache-maven-3.6.3-bin/apache-maven-3.6.3/boot/plexus-classworlds-2.6.0.jar"/>
    <property name="java.vm.specification.version" value="1.8"/>
    <property name="sun.arch.data.model" value="64"/>
    <property name="java.home" value="C:\Program Files\Java\jdk1.8.0_144\jre"/>
    <property name="sun.java.command" value="org.codehaus.plexus.classworlds.launcher.Launcher clean verify"/>
    <property name="java.specification.vendor" value="Oracle Corporation"/>
    <property name="user.language" value="en"/>
    <property name="awt.toolkit" value="sun.awt.windows.WToolkit"/>
    <property name="java.vm.info" value="mixed mode"/>
    <property name="java.version" value="1.8.0_144"/>
    <property name="java.ext.dirs" value="C:\Program Files\Java\jdk1.8.0_144\jre\lib\ext;C:\WINDOWS\Sun\Java\lib\ext"/>
    <property name="sun.boot.class.path" value="C:\Program Files\Java\jdk1.8.0_144\jre\lib\resources.jar;C:\Program Files\Java\jdk1.8.0_144\jre\lib\rt.jar;C:\Program Files\Java\jdk1.8.0_144\jre\lib\sunrsasign.jar;C:\Program Files\Java\jdk1.8.0_144\jre\lib\jsse.jar;C:\Program Files\Java\jdk1.8.0_144\jre\lib\jce.jar;C:\Program Files\Java\jdk1.8.0_144\jre\lib\charsets.jar;C:\Program Files\Java\jdk1.8.0_144\jre\lib\jfr.jar;C:\Program Files\Java\jdk1.8.0_144\jre\classes"/>
    <property name="java.vendor" value="Oracle Corporation"/>
    <property name="maven.home" value="C:\Users\agsuser\Downloads\Software\apache-maven-3.6.3-bin\apache-maven-3.6.3"/>
    <property name="file.separator" value="\"/>
    <property name="java.vendor.url.bug" value="http://bugreport.sun.com/bugreport/"/>
    <property name="sun.cpu.endian" value="little"/>
    <property name="sun.io.unicode.encoding" value="UnicodeLittle"/>
    <property name="sun.desktop" value="windows"/>
    <property name="sun.cpu.isalist" value="amd64"/>
  </properties>
  <testcase name="When I get all badges page 1 pageSize 2 site stackoverflow verify status 200" classname="| 1 | 2 | stackoverflow | 200 |" time="0.024"/>
  <testcase name="| 1 | 2 | stackoverflow | 200 |" classname="| 1 | 2 | stackoverflow | 200 |" time="0.029"/>
  <testcase name="| 1 | 2 | stackoverflow | 200 |" classname="| 1 | 2 | stackoverflow | 200 |" time="0.001"/>
  <testcase name="| 1 | 2 | stackoverflow | 200 |" classname="| 1 | 2 | stackoverflow | 200 |" time="0"/>
  <testcase name="When I get all badges page 2 pageSize 4 site stackoverflow verify status 200" classname="| 2 | 4 | stackoverflow | 200 |" time="0"/>
  <testcase name="| 2 | 4 | stackoverflow | 200 |" classname="| 2 | 4 | stackoverflow | 200 |" time="3.747"/>
  <testcase name="| 2 | 4 | stackoverflow | 200 |" classname="| 2 | 4 | stackoverflow | 200 |" time="0.122"/>
  <testcase name="| 2 | 4 | stackoverflow | 200 |" classname="| 2 | 4 | stackoverflow | 200 |" time="0.115"/>
  <testcase name="When Negative Test get all badges page 1.2 pageSize 2 site stackoverflow verify status 400 errror page" classname="| 1.2 | 2 | stackoverflow | 400 | page |" time="0"/>
  <testcase name="| 1.2 | 2 | stackoverflow | 400 | page |" classname="| 1.2 | 2 | stackoverflow | 400 | page |" time="0.003"/>
  <testcase name="| 1.2 | 2 | stackoverflow | 400 | page |" classname="| 1.2 | 2 | stackoverflow | 400 | page |" time="0.002"/>
  <testcase name="| 1.2 | 2 | stackoverflow | 400 | page |" classname="| 1.2 | 2 | stackoverflow | 400 | page |" time="0.001"/>
  <testcase name="When Negative Test get all badges page -1.2 pageSize 4 site stackoverflow verify status 400 errror page" classname="| -1.2 | 4 | stackoverflow | 400 | page |" time="0"/>
  <testcase name="| -1.2 | 4 | stackoverflow | 400 | page |" classname="| -1.2 | 4 | stackoverflow | 400 | page |" time="0.003"/>
  <testcase name="| -1.2 | 4 | stackoverflow | 400 | page |" classname="| -1.2 | 4 | stackoverflow | 400 | page |" time="0.027"/>
  <testcase name="| -1.2 | 4 | stackoverflow | 400 | page |" classname="| -1.2 | 4 | stackoverflow | 400 | page |" time="0.001"/>
  <testcase name="When Negative Test get all badges page 1 pageSize 1.2 site stackoverflow verify status 400 errror page" classname="| 1 | 1.2 | stackoverflow | 400 | page |" time="0"/>
  <testcase name="| 1 | 1.2 | stackoverflow | 400 | page |" classname="| 1 | 1.2 | stackoverflow | 400 | page |" time="0.004"/>
  <testcase name="| 1 | 1.2 | stackoverflow | 400 | page |" classname="| 1 | 1.2 | stackoverflow | 400 | page |" time="0.001"/>
  <testcase name="| 1 | 1.2 | stackoverflow | 400 | page |" classname="| 1 | 1.2 | stackoverflow | 400 | page |" time="0"/>
  <testcase name="When Negative Test get all badges page 1 pageSize -1.3 site stackoverflow verify status 400 errror page" classname="| 1 | -1.3 | stackoverflow | 400 | page |" time="0"/>
  <testcase name="| 1 | -1.3 | stackoverflow | 400 | page |" classname="| 1 | -1.3 | stackoverflow | 400 | page |" time="0"/>
  <testcase name="| 1 | -1.3 | stackoverflow | 400 | page |" classname="| 1 | -1.3 | stackoverflow | 400 | page |" time="0.002"/>
  <testcase name="| 1 | -1.3 | stackoverflow | 400 | page |" classname="| 1 | -1.3 | stackoverflow | 400 | page |" time="0.002"/>
  <testcase name="When Negative Test get all badges page 1 pageSize 4 site 123 verify status 400 errror No site found for name `123`" classname="| 1 | 4 | 123 | 400 | No site found for name `123` |" time="0"/>
  <testcase name="| 1 | 4 | 123 | 400 | No site found for name `123` |" classname="| 1 | 4 | 123 | 400 | No site found for name `123` |" time="0.006"/>
  <testcase name="| 1 | 4 | 123 | 400 | No site found for name `123` |" classname="| 1 | 4 | 123 | 400 | No site found for name `123` |" time="0.001"/>
  <testcase name="| 1 | 4 | 123 | 400 | No site found for name `123` |" classname="| 1 | 4 | 123 | 400 | No site found for name `123` |" time="0.002"/>
  <testcase name="When Negative Test get all badges page 1 pageSize 4 site DCP verify status 400 errror No site found for name `DCP`" classname="| 1 | 4 | DCP | 400 | No site found for name `DCP` |" time="0"/>
  <testcase name="| 1 | 4 | DCP | 400 | No site found for name `DCP` |" classname="| 1 | 4 | DCP | 400 | No site found for name `DCP` |" time="0.169"/>
  <testcase name="| 1 | 4 | DCP | 400 | No site found for name `DCP` |" classname="| 1 | 4 | DCP | 400 | No site found for name `DCP` |" time="0.129"/>
  <testcase name="| 1 | 4 | DCP | 400 | No site found for name `DCP` |" classname="| 1 | 4 | DCP | 400 | No site found for name `DCP` |" time="0.482"/>
  <testcase name="When I get badges name page 1 pageSize 2 site stackoverflow verify status 200" classname="| 1 | 2 | stackoverflow | 200 |" time="0"/>
  <testcase name="When I get badges name page 2 pageSize 4 site stackoverflow verify status 200" classname="| 2 | 4 | stackoverflow | 200 |" time="0"/>
  <testcase name="When Negative Test get badges name page 1.2 pageSize 2 site stackoverflow verify status 400 errror page" classname="| 1.2 | 2 | stackoverflow | 400 | page |" time="0"/>
  <testcase name="When Negative Test get badges name page -1.2 pageSize 4 site stackoverflow verify status 400 errror page" classname="| -1.2 | 4 | stackoverflow | 400 | page |" time="0.002"/>
  <testcase name="When Negative Test get badges name page 1 pageSize 1.2 site stackoverflow verify status 400 errror page" classname="| 1 | 1.2 | stackoverflow | 400 | page |" time="0"/>
  <testcase name="When Negative Test get badges name page 1 pageSize -1.3 site stackoverflow verify status 400 errror page" classname="| 1 | -1.3 | stackoverflow | 400 | page |" time="0"/>
  <testcase name="When Negative Test get badges name page 1 pageSize 4 site 123 verify status 400 errror No site found for name `123`" classname="| 1 | 4 | 123 | 400 | No site found for name `123` |" time="0"/>
  <testcase name="When Negative Test get badges name page 1 pageSize 4 site DCP verify status 400 errror No site found for name `DCP`" classname="| 1 | 4 | DCP | 400 | No site found for name `DCP` |" time="0"/>
  <testcase name="Given Get the id 260" classname="| 1 | 2 | stackoverflow | 200 |" time="0"/>
  <testcase name="When I get badges recipients by page 1 pageSize 2 site stackoverflow verify status 200" classname="| 1 | 2 | stackoverflow | 200 |" time="0"/>
  <testcase name="Given Get the id 260" classname="| 2 | 4 | stackoverflow | 200 |" time="0"/>
  <testcase name="When I get badges recipients by page 2 pageSize 4 site stackoverflow verify status 200" classname="| 2 | 4 | stackoverflow | 200 |" time="0"/>
  <testcase name="Given Get the id 260" classname="| 1.2 | 2 | stackoverflow | 400 | page |" time="0"/>
  <testcase name="When Negative Test get badges recipients by page 1.2 pageSize 2 site stackoverflow verify status 400 errror page" classname="| 1.2 | 2 | stackoverflow | 400 | page |" time="0"/>
  <testcase name="Given Get the id 260" classname="| -1.2 | 4 | stackoverflow | 400 | page |" time="0"/>
  <testcase name="When Negative Test get badges recipients by page -1.2 pageSize 4 site stackoverflow verify status 400 errror page" classname="| -1.2 | 4 | stackoverflow | 400 | page |" time="0"/>
  <testcase name="Given Get the id 260" classname="| 1 | 1.2 | stackoverflow | 400 | page |" time="0"/>
  <testcase name="When Negative Test get badges recipients by page 1 pageSize 1.2 site stackoverflow verify status 400 errror page" classname="| 1 | 1.2 | stackoverflow | 400 | page |" time="0"/>
  <testcase name="Given Get the id 260" classname="| 1 | -1.3 | stackoverflow | 400 | page |" time="0"/>
  <testcase name="When Negative Test get badges recipients by page 1 pageSize -1.3 site stackoverflow verify status 400 errror page" classname="| 1 | -1.3 | stackoverflow | 400 | page |" time="0"/>
  <testcase name="Given Get the id 260" classname="| 1 | 4 | 123 | 400 | No site found for name `123` |" time="0"/>
  <testcase name="When Negative Test get badges recipients by page 1 pageSize 4 site 123 verify status 400 errror No site found for name `123`" classname="| 1 | 4 | 123 | 400 | No site found for name `123` |" time="0"/>
  <testcase name="Given Get the id 260" classname="| 1 | 4 | DCP | 400 | No site found for name `DCP` |" time="0"/>
  <testcase name="When Negative Test get badges recipients by page 1 pageSize 4 site DCP verify status 400 errror No site found for name `DCP`" classname="| 1 | 4 | DCP | 400 | No site found for name `DCP` |" time="0"/>
</testsuite>